<?xml version="1.0" encoding="UTF-8"?>
<testsuite name="linter.AppTest" tests="1" skipped="0" failures="0" errors="0" timestamp="2022-03-02T16:17:14" hostname="DESKTOP-21OFTVH" time="0.036">
  <properties/>
  <testcase name="readTestNoError()" classname="linter.AppTest" time="0.036"/>
  <system-out><![CDATA[[]
]]></system-out>
  <system-err><![CDATA[]]></system-err>
</testsuite>
