<?xml version="1.0" encoding="UTF-8"?>
<testsuite name="linter.AppTest" tests="1" skipped="0" failures="0" errors="0" timestamp="2022-03-05T19:50:05" hostname="DESKTOP-21OFTVH" time="0.029">
  <properties/>
  <testcase name="no Error" classname="linter.AppTest" time="0.029"/>
  <system-out><![CDATA[[]
]]></system-out>
  <system-err><![CDATA[]]></system-err>
</testsuite>
